<?xml version="1.0" encoding="UTF-8"?>
<testsuite name="SprzedawcaTest" tests="1" skipped="0" failures="0" errors="0" timestamp="2022-09-14T19:09:52" hostname="JustynaKs-MacBook-Pro.local" time="0.018">
  <properties/>
  <testcase name="jakaSumaAlbumowMiedzyLatami()" classname="SprzedawcaTest" time="0.018"/>
  <system-out><![CDATA[]]></system-out>
  <system-err><![CDATA[]]></system-err>
</testsuite>
