<?xml version="1.0" encoding="UTF-8"?>
<testsuite name="SprzedawcaTest" tests="1" skipped="0" failures="0" errors="0" timestamp="2022-09-05T14:09:53" hostname="JustynaKs-MacBook-Pro.local" time="0.016">
  <properties/>
  <testcase name="jakaSumaAlbumowRap()" classname="SprzedawcaTest" time="0.016"/>
  <system-out><![CDATA[]]></system-out>
  <system-err><![CDATA[]]></system-err>
</testsuite>
